<?xml version="1.0" encoding="UTF-8"?>
<testng-results ignored="0" total="1" passed="1" failed="0" skipped="0">
  <reporter-output>
  </reporter-output>
  <suite started-at="2024-02-06T01:23:43 EST" name="Suite" finished-at="2024-02-06T01:24:22 EST" duration-ms="39159">
    <groups>
    </groups>
    <test started-at="2024-02-06T01:23:43 EST" name="test" finished-at="2024-02-06T01:24:22 EST" duration-ms="39159">
      <class name="tests.TheScoreApplicationTests">
        <test-method is-config="true" signature="beforeSuite()[pri:0, instance:tests.TheScoreApplicationTests@644baf4a]" started-at="2024-02-06T01:23:43 EST" name="beforeSuite" finished-at="2024-02-06T01:23:43 EST" duration-ms="219" status="PASS">
          <reporter-output>
          </reporter-output>
        </test-method> <!-- beforeSuite -->
        <test-method is-config="true" signature="beforeTest()[pri:0, instance:tests.TheScoreApplicationTests@644baf4a]" started-at="2024-02-06T01:23:43 EST" name="beforeTest" finished-at="2024-02-06T01:23:51 EST" duration-ms="7254" status="PASS">
          <reporter-output>
          </reporter-output>
        </test-method> <!-- beforeTest -->
        <test-method is-config="true" signature="beforeMethod(java.lang.reflect.Method)[pri:0, instance:tests.TheScoreApplicationTests@644baf4a]" started-at="2024-02-06T01:23:51 EST" name="beforeMethod" finished-at="2024-02-06T01:23:51 EST" duration-ms="7" status="PASS">
          <params>
            <param index="0">
              <value>
                <![CDATA[public void tests.TheScoreApplicationTests.searchForPlayerTest()]]>
              </value>
            </param>
          </params>
          <reporter-output>
          </reporter-output>
        </test-method> <!-- beforeMethod -->
        <test-method signature="searchForPlayerTest()[pri:0, instance:tests.TheScoreApplicationTests@644baf4a]" started-at="2024-02-06T01:23:51 EST" name="searchForPlayerTest" description="Navigating to the main page of theScore app" finished-at="2024-02-06T01:24:22 EST" duration-ms="31284" status="PASS">
          <reporter-output>
          </reporter-output>
        </test-method> <!-- searchForPlayerTest -->
        <test-method is-config="true" signature="afterTest()[pri:0, instance:tests.TheScoreApplicationTests@644baf4a]" started-at="2024-02-06T01:24:22 EST" name="afterTest" finished-at="2024-02-06T01:24:22 EST" duration-ms="583" status="PASS">
          <reporter-output>
          </reporter-output>
        </test-method> <!-- afterTest -->
        <test-method is-config="true" signature="afterSuite()[pri:0, instance:tests.TheScoreApplicationTests@644baf4a]" started-at="2024-02-06T01:24:23 EST" name="afterSuite" finished-at="2024-02-06T01:24:23 EST" duration-ms="264" status="PASS">
          <reporter-output>
          </reporter-output>
        </test-method> <!-- afterSuite -->
      </class> <!-- tests.TheScoreApplicationTests -->
    </test> <!-- test -->
  </suite> <!-- Suite -->
</testng-results>
