<?xml version="1.0" encoding="UTF-8"?>
<testng-results ignored="0" total="1" passed="1" failed="0" skipped="0">
  <reporter-output>
  </reporter-output>
  <suite started-at="2024-02-05T03:23:05 EST" name="Default suite" finished-at="2024-02-05T03:23:42 EST" duration-ms="36344">
    <groups>
    </groups>
    <test started-at="2024-02-05T03:23:05 EST" name="Default test" finished-at="2024-02-05T03:23:42 EST" duration-ms="36344">
      <class name="tests.Tests">
        <test-method is-config="true" signature="beforeSuite()[pri:0, instance:tests.Tests@26d9b808]" started-at="2024-02-05T03:23:05 EST" name="beforeSuite" finished-at="2024-02-05T03:23:05 EST" duration-ms="222" status="PASS">
          <reporter-output>
          </reporter-output>
        </test-method> <!-- beforeSuite -->
        <test-method is-config="true" signature="beforeTest()[pri:0, instance:tests.Tests@26d9b808]" started-at="2024-02-05T03:23:05 EST" name="beforeTest" finished-at="2024-02-05T03:23:12 EST" duration-ms="6948" status="PASS">
          <reporter-output>
          </reporter-output>
        </test-method> <!-- beforeTest -->
        <test-method is-config="true" signature="beforeMethod(java.lang.reflect.Method)[pri:0, instance:tests.Tests@26d9b808]" started-at="2024-02-05T03:23:12 EST" name="beforeMethod" finished-at="2024-02-05T03:23:12 EST" duration-ms="4" status="PASS">
          <params>
            <param index="0">
              <value>
                <![CDATA[public void tests.Tests.DummyTest()]]>
              </value>
            </param>
          </params>
          <reporter-output>
          </reporter-output>
        </test-method> <!-- beforeMethod -->
        <test-method signature="DummyTest()[pri:0, instance:tests.Tests@26d9b808]" started-at="2024-02-05T03:23:12 EST" name="DummyTest" description="Navigating to the main page of theScore app" finished-at="2024-02-05T03:23:41 EST" duration-ms="28828" status="PASS">
          <reporter-output>
          </reporter-output>
        </test-method> <!-- DummyTest -->
        <test-method is-config="true" signature="afterTest()[pri:0, instance:tests.Tests@26d9b808]" started-at="2024-02-05T03:23:41 EST" name="afterTest" finished-at="2024-02-05T03:23:42 EST" duration-ms="537" status="PASS">
          <reporter-output>
          </reporter-output>
        </test-method> <!-- afterTest -->
        <test-method is-config="true" signature="afterSuite()[pri:0, instance:tests.Tests@26d9b808]" started-at="2024-02-05T03:23:42 EST" name="afterSuite" finished-at="2024-02-05T03:23:42 EST" duration-ms="262" status="PASS">
          <reporter-output>
          </reporter-output>
        </test-method> <!-- afterSuite -->
      </class> <!-- tests.Tests -->
    </test> <!-- Default test -->
  </suite> <!-- Default suite -->
</testng-results>
